[0829/124139.570:ERROR:process_reader_win.cc(123)] NtOpenThread: {Access Denied} A process has requested access to an object, but has not been granted those access rights. (0xc0000022)
[0829/124140.367:ERROR:exception_snapshot_win.cc(99)] thread ID 4408 not found in process
[0829/124139.457:ERROR:process_reader_win.cc(123)] NtOpenThread: {Access Denied} A process has requested access to an object, but has not been granted those access rights. (0xc0000022)
[0829/124140.368:ERROR:exception_snapshot_win.cc(99)] thread ID 7748 not found in process
[0829/124140.380:ERROR:scoped_process_suspend.cc(40)] NtResumeProcess: An attempt was made to access an exiting process. (0xc000010a)
[0829/124140.381:ERROR:scoped_process_suspend.cc(40)] NtResumeProcess: An attempt was made to access an exiting process. (0xc000010a)
[1011/100627.977:ERROR:process_memory_win.cc(73)] ReadMemory at 0x7ff62e6f0000 of 64 bytes failed: Only part of a ReadProcessMemory or WriteProcessMemory request was completed. (0x12B)
[1011/100628.063:WARNING:pe_image_reader.cc(340)] could not read dos header from C:\Program Files (x86)\Google\Chrome\Application\chrome.exe
[1011/100628.063:ERROR:process_memory_win.cc(73)] ReadMemory at 0x7ffe52ce0000 of 64 bytes failed: Only part of a ReadProcessMemory or WriteProcessMemory request was completed. (0x12B)
[1011/100628.063:WARNING:pe_image_reader.cc(340)] could not read dos header from C:\WINDOWS\SYSTEM32\ntdll.dll
[1011/100628.064:ERROR:process_memory_win.cc(73)] ReadMemory at 0x7ffe51450000 of 64 bytes failed: Only part of a ReadProcessMemory or WriteProcessMemory request was completed. (0x12B)
[1011/100628.064:WARNING:pe_image_reader.cc(340)] could not read dos header from C:\WINDOWS\System32\KERNEL32.DLL
[1011/100628.064:ERROR:process_memory_win.cc(73)] ReadMemory at 0x7ffe4fe60000 of 64 bytes failed: Only part of a ReadProcessMemory or WriteProcessMemory request was completed. (0x12B)
[1011/100628.064:WARNING:pe_image_reader.cc(340)] could not read dos header from C:\WINDOWS\System32\KERNELBASE.dll
[1011/100628.064:ERROR:process_memory_win.cc(73)] ReadMemory at 0x7ffe27e00000 of 64 bytes failed: Only part of a ReadProcessMemory or WriteProcessMemory request was completed. (0x12B)
[1011/100628.064:WARNING:pe_image_reader.cc(340)] could not read dos header from C:\Program Files (x86)\Google\Chrome\Application\85.0.4183.121\chrome_elf.dll
[1011/100628.064:ERROR:process_memory_win.cc(73)] ReadMemory at 0x7ffe42720000 of 64 bytes failed: Only part of a ReadProcessMemory or WriteProcessMemory request was completed. (0x12B)
[1011/100628.064:WARNING:pe_image_reader.cc(340)] could not read dos header from C:\WINDOWS\SYSTEM32\VERSION.dll
[1011/100628.064:ERROR:process_memory_win.cc(73)] ReadMemory at 0x7ffe52550000 of 64 bytes failed: Only part of a ReadProcessMemory or WriteProcessMemory request was completed. (0x12B)
[1011/100628.064:WARNING:pe_image_reader.cc(340)] could not read dos header from C:\WINDOWS\System32\msvcrt.dll
[1011/100628.064:ERROR:process_memory_win.cc(73)] ReadMemory at 0x7ffe50210000 of 64 bytes failed: Only part of a ReadProcessMemory or WriteProcessMemory request was completed. (0x12B)
[1011/100628.065:WARNING:pe_image_reader.cc(340)] could not read dos header from C:\WINDOWS\System32\bcryptPrimitives.dll
[1011/100628.065:ERROR:process_memory_win.cc(73)] ReadMemory at 0x7ffe52b10000 of 64 bytes failed: Only part of a ReadProcessMemory or WriteProcessMemory request was completed. (0x12B)
[1011/100628.065:WARNING:pe_image_reader.cc(340)] could not read dos header from C:\WINDOWS\System32\ADVAPI32.dll
[1011/100628.065:ERROR:process_memory_win.cc(73)] ReadMemory at 0x7ffe52850000 of 64 bytes failed: Only part of a ReadProcessMemory or WriteProcessMemory request was completed. (0x12B)
[1011/100628.065:WARNING:pe_image_reader.cc(340)] could not read dos header from C:\WINDOWS\System32\sechost.dll
[1011/100628.065:ERROR:process_memory_win.cc(73)] ReadMemory at 0x7ffe52390000 of 64 bytes failed: Only part of a ReadProcessMemory or WriteProcessMemory request was completed. (0x12B)
[1011/100628.065:WARNING:pe_image_reader.cc(340)] could not read dos header from C:\WINDOWS\System32\RPCRT4.dll
[1011/100628.065:ERROR:process_memory_win.cc(73)] ReadMemory at 0x7ffe0e250000 of 64 bytes failed: Only part of a ReadProcessMemory or WriteProcessMemory request was completed. (0x12B)
[1011/100628.065:WARNING:pe_image_reader.cc(340)] could not read dos header from C:\Program Files (x86)\Google\Chrome\Application\85.0.4183.121\chrome.dll
[1011/100628.065:ERROR:process_memory_win.cc(73)] ReadMemory at 0x7ffe52c30000 of 64 bytes failed: Only part of a ReadProcessMemory or WriteProcessMemory request was completed. (0x12B)
[1011/100628.066:WARNING:pe_image_reader.cc(340)] could not read dos header from C:\WINDOWS\System32\WS2_32.dll
[1011/100628.066:ERROR:process_memory_win.cc(73)] ReadMemory at 0x7ffe52a40000 of 64 bytes failed: Only part of a ReadProcessMemory or WriteProcessMemory request was completed. (0x12B)
[1011/100628.066:WARNING:pe_image_reader.cc(340)] could not read dos header from C:\WINDOWS\System32\OLEAUT32.dll
[1011/100628.066:ERROR:process_memory_win.cc(73)] ReadMemory at 0x7ffe50cf0000 of 64 bytes failed: Only part of a ReadProcessMemory or WriteProcessMemory request was completed. (0x12B)
[1011/100628.066:WARNING:pe_image_reader.cc(340)] could not read dos header from C:\WINDOWS\System32\msvcp_win.dll
[1011/100628.066:ERROR:process_memory_win.cc(73)] ReadMemory at 0x7ffe50110000 of 64 bytes failed: Only part of a ReadProcessMemory or WriteProcessMemory request was completed. (0x12B)
[1011/100628.066:WARNING:pe_image_reader.cc(340)] could not read dos header from C:\WINDOWS\System32\ucrtbase.dll
[1011/100628.066:ERROR:process_memory_win.cc(73)] ReadMemory at 0x7ffe50d90000 of 64 bytes failed: Only part of a ReadProcessMemory or WriteProcessMemory request was completed. (0x12B)
[1011/100628.066:WARNING:pe_image_reader.cc(340)] could not read dos header from C:\WINDOWS\System32\combase.dll
[1011/100628.066:ERROR:process_memory_win.cc(73)] ReadMemory at 0x7ffe504c0000 of 64 bytes failed: Only part of a ReadProcessMemory or WriteProcessMemory request was completed. (0x12B)
[1011/100628.066:WARNING:pe_image_reader.cc(340)] could not read dos header from C:\WINDOWS\System32\WINTRUST.dll
[1011/100628.067:ERROR:process_memory_win.cc(73)] ReadMemory at 0x7ffe4fbb0000 of 64 bytes failed: Only part of a ReadProcessMemory or WriteProcessMemory request was completed. (0x12B)
[1011/100628.067:WARNING:pe_image_reader.cc(340)] could not read dos header from C:\WINDOWS\System32\MSASN1.dll
[1011/100628.067:ERROR:process_memory_win.cc(73)] ReadMemory at 0x7ffe50370000 of 64 bytes failed: Only part of a ReadProcessMemory or WriteProcessMemory request was completed. (0x12B)
[1011/100628.067:WARNING:pe_image_reader.cc(340)] could not read dos header from C:\WINDOWS\System32\CRYPT32.dll
[1011/100628.067:ERROR:process_memory_win.cc(73)] ReadMemory at 0x7ffe4f100000 of 64 bytes failed: Only part of a ReadProcessMemory or WriteProcessMemory request was completed. (0x12B)
[1011/100628.067:WARNING:pe_image_reader.cc(340)] could not read dos header from C:\WINDOWS\SYSTEM32\IPHLPAPI.DLL
[1011/100628.067:ERROR:process_memory_win.cc(73)] ReadMemory at 0x7ffe4d900000 of 64 bytes failed: Only part of a ReadProcessMemory or WriteProcessMemory request was completed. (0x12B)
[1011/100628.067:WARNING:pe_image_reader.cc(340)] could not read dos header from C:\WINDOWS\SYSTEM32\WINMM.dll
[1011/100628.067:ERROR:process_memory_win.cc(73)] ReadMemory at 0x7ffe37170000 of 64 bytes failed: Only part of a ReadProcessMemory or WriteProcessMemory request was completed. (0x12B)
[1011/100628.067:WARNING:pe_image_reader.cc(340)] could not read dos header from C:\WINDOWS\SYSTEM32\UIAutomationCore.DLL
[1011/100628.067:ERROR:process_memory_win.cc(73)] ReadMemory at 0x7ffe3c8c0000 of 64 bytes failed: Only part of a ReadProcessMemory or WriteProcessMemory request was completed. (0x12B)
[1011/100628.067:WARNING:pe_image_reader.cc(340)] could not read dos header from C:\WINDOWS\SYSTEM32\Secur32.dll
[1011/100628.068:ERROR:process_memory_win.cc(73)] ReadMemory at 0x7ffe4fac0000 of 64 bytes failed: Only part of a ReadProcessMemory or WriteProcessMemory request was completed. (0x12B)
[1011/100628.068:WARNING:pe_image_reader.cc(340)] could not read dos header from C:\WINDOWS\SYSTEM32\USERENV.dll
[1011/100628.068:ERROR:process_memory_win.cc(73)] ReadMemory at 0x7ffe4fc40000 of 64 bytes failed: Only part of a ReadProcessMemory or WriteProcessMemory request was completed. (0x12B)
[1011/100628.068:WARNING:pe_image_reader.cc(340)] could not read dos header from C:\WINDOWS\System32\profapi.dll
[1011/100628.068:ERROR:process_memory_win.cc(73)] ReadMemory at 0x7ffe3ff40000 of 64 bytes failed: Only part of a ReadProcessMemory or WriteProcessMemory request was completed. (0x12B)
[1011/100628.068:WARNING:pe_image_reader.cc(340)] could not read dos header from C:\WINDOWS\SYSTEM32\DWrite.dll
[1011/100628.068:ERROR:process_memory_win.cc(73)] ReadMemory at 0x7ffe3f8f0000 of 64 bytes failed: Only part of a ReadProcessMemory or WriteProcessMemory request was completed. (0x12B)
[1011/100628.068:WARNING:pe_image_reader.cc(340)] could not read dos header from C:\WINDOWS\SYSTEM32\WINSPOOL.DRV
[1011/100628.068:ERROR:process_memory_win.cc(73)] ReadMemory at 0x7ffe4fbd0000 of 64 bytes failed: Only part of a ReadProcessMemory or WriteProcessMemory request was completed. (0x12B)
[1011/100628.068:WARNING:pe_image_reader.cc(340)] could not read dos header from C:\WINDOWS\System32\kernel.appcore.dll
[1011/100628.069:ERROR:process_memory_win.cc(73)] ReadMemory at 0x7ffe50340000 of 64 bytes failed: Only part of a ReadProcessMemory or WriteProcessMemory request was completed. (0x12B)
[1011/100628.069:WARNING:pe_image_reader.cc(340)] could not read dos header from C:\WINDOWS\System32\bcrypt.dll
[1011/100628.069:ERROR:process_memory_win.cc(73)] ReadMemory at 0x7ffe4e450000 of 64 bytes failed: Only part of a ReadProcessMemory or WriteProcessMemory request was completed. (0x12B)
[1011/100628.069:WARNING:pe_image_reader.cc(340)] could not read dos header from C:\WINDOWS\SYSTEM32\dbghelp.dll
[1011/100628.069:ERROR:process_memory_win.cc(73)] ReadMemory at 0x7ffe4a080000 of 64 bytes failed: Only part of a ReadProcessMemory or WriteProcessMemory request was completed. (0x12B)
[1011/100628.069:WARNING:pe_image_reader.cc(340)] could not read dos header from C:\WINDOWS\SYSTEM32\WINHTTP.dll
[1011/100628.069:ERROR:process_memory_win.cc(73)] ReadMemory at 0x7ffe42580000 of 64 bytes failed: Only part of a ReadProcessMemory or WriteProcessMemory request was completed. (0x12B)
[1011/100628.069:WARNING:pe_image_reader.cc(340)] could not read dos header from C:\WINDOWS\SYSTEM32\dhcpcsvc.DLL
[1011/100628.069:ERROR:process_memory_win.cc(73)] ReadMemory at 0x7ffe52a30000 of 64 bytes failed: Only part of a ReadProcessMemory or WriteProcessMemory request was completed. (0x12B)
[1011/100628.069:WARNING:pe_image_reader.cc(340)] could not read dos header from C:\WINDOWS\System32\NSI.dll
[1011/100628.069:ERROR:process_memory_win.cc(73)] ReadMemory at 0x7ffe4d8d0000 of 64 bytes failed: Only part of a ReadProcessMemory or WriteProcessMemory request was completed. (0x12B)
[1011/100628.070:WARNING:pe_image_reader.cc(340)] could not read dos header from C:\WINDOWS\SYSTEM32\WINMMBASE.dll
[1011/100628.070:ERROR:process_memory_win.cc(73)] ReadMemory at 0x7ffe50520000 of 64 bytes failed: Only part of a ReadProcessMemory or WriteProcessMemory request was completed. (0x12B)
[1011/100628.070:WARNING:pe_image_reader.cc(340)] could not read dos header from C:\WINDOWS\System32\cfgmgr32.dll
[1011/100628.070:ERROR:process_memory_win.cc(73)] ReadMemory at 0x7ffe4d620000 of 64 bytes failed: Only part of a ReadProcessMemory or WriteProcessMemory request was completed. (0x12B)
[1011/100628.070:WARNING:pe_image_reader.cc(340)] could not read dos header from C:\WINDOWS\SYSTEM32\PROPSYS.dll
[1011/100628.070:ERROR:process_memory_win.cc(73)] ReadMemory at 0x7ffe51dd0000 of 64 bytes failed: Only part of a ReadProcessMemory or WriteProcessMemory request was completed. (0x12B)
[1011/100628.070:WARNING:pe_image_reader.cc(340)] could not read dos header from C:\WINDOWS\System32\shcore.dll
[1011/100628.070:ERROR:process_memory_win.cc(73)] ReadMemory at 0x7ffe4fa80000 of 64 bytes failed: Only part of a ReadProcessMemory or WriteProcessMemory request was completed. (0x12B)
[1011/100628.070:WARNING:pe_image_reader.cc(340)] could not read dos header from C:\WINDOWS\SYSTEM32\SSPICLI.DLL
[1011/100628.070:ERROR:process_memory_win.cc(73)] ReadMemory at 0x7ffe4f5c0000 of 64 bytes failed: Only part of a ReadProcessMemory or WriteProcessMemory request was completed. (0x12B)
[1011/100628.070:WARNING:pe_image_reader.cc(340)] could not read dos header from C:\WINDOWS\SYSTEM32\CRYPTBASE.DLL
[1011/100628.183:ERROR:process_memory_win.cc(73)] ReadMemory at 0x7ff62e6f0000 of 64 bytes failed: Only part of a ReadProcessMemory or WriteProcessMemory request was completed. (0x12B)
[1011/100628.183:WARNING:pe_image_reader.cc(340)] could not read dos header from C:\Program Files (x86)\Google\Chrome\Application\chrome.exe
[1011/100628.183:ERROR:process_memory_win.cc(73)] ReadMemory at 0x7ffe52ce0000 of 64 bytes failed: Only part of a ReadProcessMemory or WriteProcessMemory request was completed. (0x12B)
[1011/100628.184:WARNING:pe_image_reader.cc(340)] could not read dos header from C:\WINDOWS\SYSTEM32\ntdll.dll
[1011/100628.184:ERROR:process_memory_win.cc(73)] ReadMemory at 0x7ffe51450000 of 64 bytes failed: Only part of a ReadProcessMemory or WriteProcessMemory request was completed. (0x12B)
[1011/100628.185:WARNING:pe_image_reader.cc(340)] could not read dos header from C:\WINDOWS\System32\KERNEL32.DLL
[1011/100628.185:ERROR:process_memory_win.cc(73)] ReadMemory at 0x7ffe4fe60000 of 64 bytes failed: Only part of a ReadProcessMemory or WriteProcessMemory request was completed. (0x12B)
[1011/100628.185:WARNING:pe_image_reader.cc(340)] could not read dos header from C:\WINDOWS\System32\KERNELBASE.dll
[1011/100628.186:ERROR:process_memory_win.cc(73)] ReadMemory at 0x7ffe27e00000 of 64 bytes failed: Only part of a ReadProcessMemory or WriteProcessMemory request was completed. (0x12B)
[1011/100628.186:WARNING:pe_image_reader.cc(340)] could not read dos header from C:\Program Files (x86)\Google\Chrome\Application\85.0.4183.121\chrome_elf.dll
[1011/100628.187:ERROR:process_memory_win.cc(73)] ReadMemory at 0x7ffe42720000 of 64 bytes failed: Only part of a ReadProcessMemory or WriteProcessMemory request was completed. (0x12B)
[1011/100628.187:WARNING:pe_image_reader.cc(340)] could not read dos header from C:\WINDOWS\SYSTEM32\VERSION.dll
[1011/100628.187:ERROR:process_memory_win.cc(73)] ReadMemory at 0x7ffe52550000 of 64 bytes failed: Only part of a ReadProcessMemory or WriteProcessMemory request was completed. (0x12B)
[1011/100628.188:WARNING:pe_image_reader.cc(340)] could not read dos header from C:\WINDOWS\System32\msvcrt.dll
[1011/100628.188:ERROR:process_memory_win.cc(73)] ReadMemory at 0x7ffe50210000 of 64 bytes failed: Only part of a ReadProcessMemory or WriteProcessMemory request was completed. (0x12B)
[1011/100628.189:WARNING:pe_image_reader.cc(340)] could not read dos header from C:\WINDOWS\System32\bcryptPrimitives.dll
[1011/100628.189:ERROR:process_memory_win.cc(73)] ReadMemory at 0x7ffe52b10000 of 64 bytes failed: Only part of a ReadProcessMemory or WriteProcessMemory request was completed. (0x12B)
[1011/100628.189:WARNING:pe_image_reader.cc(340)] could not read dos header from C:\WINDOWS\System32\ADVAPI32.dll
[1011/100628.190:ERROR:process_memory_win.cc(73)] ReadMemory at 0x7ffe52850000 of 64 bytes failed: Only part of a ReadProcessMemory or WriteProcessMemory request was completed. (0x12B)
[1011/100628.190:WARNING:pe_image_reader.cc(340)] could not read dos header from C:\WINDOWS\System32\sechost.dll
[1011/100628.191:ERROR:process_memory_win.cc(73)] ReadMemory at 0x7ffe52390000 of 64 bytes failed: Only part of a ReadProcessMemory or WriteProcessMemory request was completed. (0x12B)
[1011/100628.191:WARNING:pe_image_reader.cc(340)] could not read dos header from C:\WINDOWS\System32\RPCRT4.dll
[1011/100628.191:ERROR:process_memory_win.cc(73)] ReadMemory at 0x7ffe0e250000 of 64 bytes failed: Only part of a ReadProcessMemory or WriteProcessMemory request was completed. (0x12B)
[1011/100628.192:WARNING:pe_image_reader.cc(340)] could not read dos header from C:\Program Files (x86)\Google\Chrome\Application\85.0.4183.121\chrome.dll
[1011/100628.193:ERROR:process_memory_win.cc(73)] ReadMemory at 0x7ffe52c30000 of 64 bytes failed: Only part of a ReadProcessMemory or WriteProcessMemory request was completed. (0x12B)
[1011/100628.193:WARNING:pe_image_reader.cc(340)] could not read dos header from C:\WINDOWS\System32\WS2_32.dll
[1011/100628.193:ERROR:process_memory_win.cc(73)] ReadMemory at 0x7ffe52a40000 of 64 bytes failed: Only part of a ReadProcessMemory or WriteProcessMemory request was completed. (0x12B)
[1011/100628.194:WARNING:pe_image_reader.cc(340)] could not read dos header from C:\WINDOWS\System32\OLEAUT32.dll
[1011/100628.194:ERROR:process_memory_win.cc(73)] ReadMemory at 0x7ffe50cf0000 of 64 bytes failed: Only part of a ReadProcessMemory or WriteProcessMemory request was completed. (0x12B)
[1011/100628.195:WARNING:pe_image_reader.cc(340)] could not read dos header from C:\WINDOWS\System32\msvcp_win.dll
[1011/100628.195:ERROR:process_memory_win.cc(73)] ReadMemory at 0x7ffe50110000 of 64 bytes failed: Only part of a ReadProcessMemory or WriteProcessMemory request was completed. (0x12B)
[1011/100628.195:WARNING:pe_image_reader.cc(340)] could not read dos header from C:\WINDOWS\System32\ucrtbase.dll
[1011/100628.196:ERROR:process_memory_win.cc(73)] ReadMemory at 0x7ffe50d90000 of 64 bytes failed: Only part of a ReadProcessMemory or WriteProcessMemory request was completed. (0x12B)
[1011/100628.196:WARNING:pe_image_reader.cc(340)] could not read dos header from C:\WINDOWS\System32\combase.dll
[1011/100628.197:ERROR:process_memory_win.cc(73)] ReadMemory at 0x7ffe504c0000 of 64 bytes failed: Only part of a ReadProcessMemory or WriteProcessMemory request was completed. (0x12B)
[1011/100628.197:WARNING:pe_image_reader.cc(340)] could not read dos header from C:\WINDOWS\System32\WINTRUST.dll
[1011/100628.197:ERROR:process_memory_win.cc(73)] ReadMemory at 0x7ffe4fbb0000 of 64 bytes failed: Only part of a ReadProcessMemory or WriteProcessMemory request was completed. (0x12B)
[1011/100628.198:WARNING:pe_image_reader.cc(340)] could not read dos header from C:\WINDOWS\System32\MSASN1.dll
[1011/100628.198:ERROR:process_memory_win.cc(73)] ReadMemory at 0x7ffe50370000 of 64 bytes failed: Only part of a ReadProcessMemory or WriteProcessMemory request was completed. (0x12B)
[1011/100628.198:WARNING:pe_image_reader.cc(340)] could not read dos header from C:\WINDOWS\System32\CRYPT32.dll
[1011/100628.199:ERROR:process_memory_win.cc(73)] ReadMemory at 0x7ffe4f100000 of 64 bytes failed: Only part of a ReadProcessMemory or WriteProcessMemory request was completed. (0x12B)
[1011/100628.199:WARNING:pe_image_reader.cc(340)] could not read dos header from C:\WINDOWS\SYSTEM32\IPHLPAPI.DLL
[1011/100628.200:ERROR:process_memory_win.cc(73)] ReadMemory at 0x7ffe4d900000 of 64 bytes failed: Only part of a ReadProcessMemory or WriteProcessMemory request was completed. (0x12B)
[1011/100628.200:WARNING:pe_image_reader.cc(340)] could not read dos header from C:\WINDOWS\SYSTEM32\WINMM.dll
[1011/100628.201:ERROR:process_memory_win.cc(73)] ReadMemory at 0x7ffe37170000 of 64 bytes failed: Only part of a ReadProcessMemory or WriteProcessMemory request was completed. (0x12B)
[1011/100628.201:WARNING:pe_image_reader.cc(340)] could not read dos header from C:\WINDOWS\SYSTEM32\UIAutomationCore.DLL
[1011/100628.201:ERROR:process_memory_win.cc(73)] ReadMemory at 0x7ffe3c8c0000 of 64 bytes failed: Only part of a ReadProcessMemory or WriteProcessMemory request was completed. (0x12B)
[1011/100628.202:WARNING:pe_image_reader.cc(340)] could not read dos header from C:\WINDOWS\SYSTEM32\Secur32.dll
[1011/100628.202:ERROR:process_memory_win.cc(73)] ReadMemory at 0x7ffe4fac0000 of 64 bytes failed: Only part of a ReadProcessMemory or WriteProcessMemory request was completed. (0x12B)
[1011/100628.202:WARNING:pe_image_reader.cc(340)] could not read dos header from C:\WINDOWS\SYSTEM32\USERENV.dll
[1011/100628.203:ERROR:process_memory_win.cc(73)] ReadMemory at 0x7ffe4fc40000 of 64 bytes failed: Only part of a ReadProcessMemory or WriteProcessMemory request was completed. (0x12B)
[1011/100628.204:WARNING:pe_image_reader.cc(340)] could not read dos header from C:\WINDOWS\System32\profapi.dll
[1011/100628.204:ERROR:process_memory_win.cc(73)] ReadMemory at 0x7ffe3ff40000 of 64 bytes failed: Only part of a ReadProcessMemory or WriteProcessMemory request was completed. (0x12B)
[1011/100628.204:WARNING:pe_image_reader.cc(340)] could not read dos header from C:\WINDOWS\SYSTEM32\DWrite.dll
[1011/100628.205:ERROR:process_memory_win.cc(73)] ReadMemory at 0x7ffe3f8f0000 of 64 bytes failed: Only part of a ReadProcessMemory or WriteProcessMemory request was completed. (0x12B)
[1011/100628.205:WARNING:pe_image_reader.cc(340)] could not read dos header from C:\WINDOWS\SYSTEM32\WINSPOOL.DRV
[1011/100628.206:ERROR:process_memory_win.cc(73)] ReadMemory at 0x7ffe4fbd0000 of 64 bytes failed: Only part of a ReadProcessMemory or WriteProcessMemory request was completed. (0x12B)
[1011/100628.206:WARNING:pe_image_reader.cc(340)] could not read dos header from C:\WINDOWS\System32\kernel.appcore.dll
[1011/100628.206:ERROR:process_memory_win.cc(73)] ReadMemory at 0x7ffe50340000 of 64 bytes failed: Only part of a ReadProcessMemory or WriteProcessMemory request was completed. (0x12B)
[1011/100628.206:WARNING:pe_image_reader.cc(340)] could not read dos header from C:\WINDOWS\System32\bcrypt.dll
[1011/100628.206:ERROR:process_memory_win.cc(73)] ReadMemory at 0x7ffe4e450000 of 64 bytes failed: Only part of a ReadProcessMemory or WriteProcessMemory request was completed. (0x12B)
[1011/100628.206:WARNING:pe_image_reader.cc(340)] could not read dos header from C:\WINDOWS\SYSTEM32\dbghelp.dll
[1011/100628.207:ERROR:process_memory_win.cc(73)] ReadMemory at 0x7ffe4a080000 of 64 bytes failed: Only part of a ReadProcessMemory or WriteProcessMemory request was completed. (0x12B)
[1011/100628.207:WARNING:pe_image_reader.cc(340)] could not read dos header from C:\WINDOWS\SYSTEM32\WINHTTP.dll
[1011/100628.207:ERROR:process_memory_win.cc(73)] ReadMemory at 0x7ffe42580000 of 64 bytes failed: Only part of a ReadProcessMemory or WriteProcessMemory request was completed. (0x12B)
[1011/100628.207:WARNING:pe_image_reader.cc(340)] could not read dos header from C:\WINDOWS\SYSTEM32\dhcpcsvc.DLL
[1011/100628.207:ERROR:process_memory_win.cc(73)] ReadMemory at 0x7ffe52a30000 of 64 bytes failed: Only part of a ReadProcessMemory or WriteProcessMemory request was completed. (0x12B)
[1011/100628.207:WARNING:pe_image_reader.cc(340)] could not read dos header from C:\WINDOWS\System32\NSI.dll
[1011/100628.207:ERROR:process_memory_win.cc(73)] ReadMemory at 0x7ffe4d8d0000 of 64 bytes failed: Only part of a ReadProcessMemory or WriteProcessMemory request was completed. (0x12B)
[1011/100628.207:WARNING:pe_image_reader.cc(340)] could not read dos header from C:\WINDOWS\SYSTEM32\WINMMBASE.dll
[1011/100628.208:ERROR:process_memory_win.cc(73)] ReadMemory at 0x7ffe50520000 of 64 bytes failed: Only part of a ReadProcessMemory or WriteProcessMemory request was completed. (0x12B)
[1011/100628.208:WARNING:pe_image_reader.cc(340)] could not read dos header from C:\WINDOWS\System32\cfgmgr32.dll
[1011/100628.208:ERROR:process_memory_win.cc(73)] ReadMemory at 0x7ffe4d620000 of 64 bytes failed: Only part of a ReadProcessMemory or WriteProcessMemory request was completed. (0x12B)
[1011/100628.208:WARNING:pe_image_reader.cc(340)] could not read dos header from C:\WINDOWS\SYSTEM32\PROPSYS.dll
[1011/100628.208:ERROR:process_memory_win.cc(73)] ReadMemory at 0x7ffe51dd0000 of 64 bytes failed: Only part of a ReadProcessMemory or WriteProcessMemory request was completed. (0x12B)
[1011/100628.208:WARNING:pe_image_reader.cc(340)] could not read dos header from C:\WINDOWS\System32\shcore.dll
[1011/100628.208:ERROR:process_memory_win.cc(73)] ReadMemory at 0x7ffe4fa80000 of 64 bytes failed: Only part of a ReadProcessMemory or WriteProcessMemory request was completed. (0x12B)
[1011/100628.208:WARNING:pe_image_reader.cc(340)] could not read dos header from C:\WINDOWS\SYSTEM32\SSPICLI.DLL
[1011/100628.209:ERROR:process_memory_win.cc(73)] ReadMemory at 0x7ffe4f5c0000 of 64 bytes failed: Only part of a ReadProcessMemory or WriteProcessMemory request was completed. (0x12B)
[1011/100628.209:WARNING:pe_image_reader.cc(340)] could not read dos header from C:\WINDOWS\SYSTEM32\CRYPTBASE.DLL
[1011/100628.209:ERROR:process_memory_win.cc(73)] ReadMemory at 0x7ff62e6f0000 of 64 bytes failed: Only part of a ReadProcessMemory or WriteProcessMemory request was completed. (0x12B)
[1011/100628.209:WARNING:pe_image_reader.cc(340)] could not read dos header from C:\Program Files (x86)\Google\Chrome\Application\chrome.exe
[1011/100628.209:ERROR:process_memory_win.cc(73)] ReadMemory at 0x7ffe52ce0000 of 64 bytes failed: Only part of a ReadProcessMemory or WriteProcessMemory request was completed. (0x12B)
[1011/100628.209:WARNING:pe_image_reader.cc(340)] could not read dos header from C:\WINDOWS\SYSTEM32\ntdll.dll
[1011/100628.209:ERROR:process_memory_win.cc(73)] ReadMemory at 0x7ffe51450000 of 64 bytes failed: Only part of a ReadProcessMemory or WriteProcessMemory request was completed. (0x12B)
[1011/100628.209:WARNING:pe_image_reader.cc(340)] could not read dos header from C:\WINDOWS\System32\KERNEL32.DLL
[1011/100628.210:ERROR:process_memory_win.cc(73)] ReadMemory at 0x7ffe4fe60000 of 64 bytes failed: Only part of a ReadProcessMemory or WriteProcessMemory request was completed. (0x12B)
[1011/100628.210:WARNING:pe_image_reader.cc(340)] could not read dos header from C:\WINDOWS\System32\KERNELBASE.dll
[1011/100628.210:ERROR:process_memory_win.cc(73)] ReadMemory at 0x7ffe27e00000 of 64 bytes failed: Only part of a ReadProcessMemory or WriteProcessMemory request was completed. (0x12B)
[1011/100628.210:WARNING:pe_image_reader.cc(340)] could not read dos header from C:\Program Files (x86)\Google\Chrome\Application\85.0.4183.121\chrome_elf.dll
[1011/100628.210:ERROR:process_memory_win.cc(73)] ReadMemory at 0x7ffe42720000 of 64 bytes failed: Only part of a ReadProcessMemory or WriteProcessMemory request was completed. (0x12B)
[1011/100628.210:WARNING:pe_image_reader.cc(340)] could not read dos header from C:\WINDOWS\SYSTEM32\VERSION.dll
[1011/100628.211:ERROR:process_memory_win.cc(73)] ReadMemory at 0x7ffe52550000 of 64 bytes failed: Only part of a ReadProcessMemory or WriteProcessMemory request was completed. (0x12B)
[1011/100628.211:WARNING:pe_image_reader.cc(340)] could not read dos header from C:\WINDOWS\System32\msvcrt.dll
[1011/100628.211:ERROR:process_memory_win.cc(73)] ReadMemory at 0x7ffe50210000 of 64 bytes failed: Only part of a ReadProcessMemory or WriteProcessMemory request was completed. (0x12B)
[1011/100628.211:WARNING:pe_image_reader.cc(340)] could not read dos header from C:\WINDOWS\System32\bcryptPrimitives.dll
[1011/100628.211:ERROR:process_memory_win.cc(73)] ReadMemory at 0x7ffe52b10000 of 64 bytes failed: Only part of a ReadProcessMemory or WriteProcessMemory request was completed. (0x12B)
[1011/100628.211:WARNING:pe_image_reader.cc(340)] could not read dos header from C:\WINDOWS\System32\ADVAPI32.dll
[1011/100628.211:ERROR:process_memory_win.cc(73)] ReadMemory at 0x7ffe52850000 of 64 bytes failed: Only part of a ReadProcessMemory or WriteProcessMemory request was completed. (0x12B)
[1011/100628.211:WARNING:pe_image_reader.cc(340)] could not read dos header from C:\WINDOWS\System32\sechost.dll
[1011/100628.212:ERROR:process_memory_win.cc(73)] ReadMemory at 0x7ffe52390000 of 64 bytes failed: Only part of a ReadProcessMemory or WriteProcessMemory request was completed. (0x12B)
[1011/100628.212:WARNING:pe_image_reader.cc(340)] could not read dos header from C:\WINDOWS\System32\RPCRT4.dll
[1011/100628.212:ERROR:process_memory_win.cc(73)] ReadMemory at 0x7ffe0e250000 of 64 bytes failed: Only part of a ReadProcessMemory or WriteProcessMemory request was completed. (0x12B)
[1011/100628.212:WARNING:pe_image_reader.cc(340)] could not read dos header from C:\Program Files (x86)\Google\Chrome\Application\85.0.4183.121\chrome.dll
[1011/100628.212:ERROR:process_memory_win.cc(73)] ReadMemory at 0x7ffe52c30000 of 64 bytes failed: Only part of a ReadProcessMemory or WriteProcessMemory request was completed. (0x12B)
[1011/100628.212:WARNING:pe_image_reader.cc(340)] could not read dos header from C:\WINDOWS\System32\WS2_32.dll
[1011/100628.212:ERROR:process_memory_win.cc(73)] ReadMemory at 0x7ffe52a40000 of 64 bytes failed: Only part of a ReadProcessMemory or WriteProcessMemory request was completed. (0x12B)
[1011/100628.212:WARNING:pe_image_reader.cc(340)] could not read dos header from C:\WINDOWS\System32\OLEAUT32.dll
[1011/100628.213:ERROR:process_memory_win.cc(73)] ReadMemory at 0x7ffe50cf0000 of 64 bytes failed: Only part of a ReadProcessMemory or WriteProcessMemory request was completed. (0x12B)
[1011/100628.213:WARNING:pe_image_reader.cc(340)] could not read dos header from C:\WINDOWS\System32\msvcp_win.dll
[1011/100628.213:ERROR:process_memory_win.cc(73)] ReadMemory at 0x7ffe50110000 of 64 bytes failed: Only part of a ReadProcessMemory or WriteProcessMemory request was completed. (0x12B)
[1011/100628.213:WARNING:pe_image_reader.cc(340)] could not read dos header from C:\WINDOWS\System32\ucrtbase.dll
[1011/100628.213:ERROR:process_memory_win.cc(73)] ReadMemory at 0x7ffe50d90000 of 64 bytes failed: Only part of a ReadProcessMemory or WriteProcessMemory request was completed. (0x12B)
[1011/100628.213:WARNING:pe_image_reader.cc(340)] could not read dos header from C:\WINDOWS\System32\combase.dll
[1011/100628.213:ERROR:process_memory_win.cc(73)] ReadMemory at 0x7ffe504c0000 of 64 bytes failed: Only part of a ReadProcessMemory or WriteProcessMemory request was completed. (0x12B)
[1011/100628.213:WARNING:pe_image_reader.cc(340)] could not read dos header from C:\WINDOWS\System32\WINTRUST.dll
[1011/100628.214:ERROR:process_memory_win.cc(73)] ReadMemory at 0x7ffe4fbb0000 of 64 bytes failed: Only part of a ReadProcessMemory or WriteProcessMemory request was completed. (0x12B)
[1011/100628.214:WARNING:pe_image_reader.cc(340)] could not read dos header from C:\WINDOWS\System32\MSASN1.dll
[1011/100628.214:ERROR:process_memory_win.cc(73)] ReadMemory at 0x7ffe50370000 of 64 bytes failed: Only part of a ReadProcessMemory or WriteProcessMemory request was completed. (0x12B)
[1011/100628.214:WARNING:pe_image_reader.cc(340)] could not read dos header from C:\WINDOWS\System32\CRYPT32.dll
[1011/100628.214:ERROR:process_memory_win.cc(73)] ReadMemory at 0x7ffe4f100000 of 64 bytes failed: Only part of a ReadProcessMemory or WriteProcessMemory request was completed. (0x12B)
[1011/100628.214:WARNING:pe_image_reader.cc(340)] could not read dos header from C:\WINDOWS\SYSTEM32\IPHLPAPI.DLL
[1011/100628.214:ERROR:process_memory_win.cc(73)] ReadMemory at 0x7ffe4d900000 of 64 bytes failed: Only part of a ReadProcessMemory or WriteProcessMemory request was completed. (0x12B)
[1011/100628.214:WARNING:pe_image_reader.cc(340)] could not read dos header from C:\WINDOWS\SYSTEM32\WINMM.dll
[1011/100628.214:ERROR:process_memory_win.cc(73)] ReadMemory at 0x7ffe37170000 of 64 bytes failed: Only part of a ReadProcessMemory or WriteProcessMemory request was completed. (0x12B)
[1011/100628.215:WARNING:pe_image_reader.cc(340)] could not read dos header from C:\WINDOWS\SYSTEM32\UIAutomationCore.DLL
[1011/100628.215:ERROR:process_memory_win.cc(73)] ReadMemory at 0x7ffe3c8c0000 of 64 bytes failed: Only part of a ReadProcessMemory or WriteProcessMemory request was completed. (0x12B)
[1011/100628.215:WARNING:pe_image_reader.cc(340)] could not read dos header from C:\WINDOWS\SYSTEM32\Secur32.dll
[1011/100628.215:ERROR:process_memory_win.cc(73)] ReadMemory at 0x7ffe4fac0000 of 64 bytes failed: Only part of a ReadProcessMemory or WriteProcessMemory request was completed. (0x12B)
[1011/100628.215:WARNING:pe_image_reader.cc(340)] could not read dos header from C:\WINDOWS\SYSTEM32\USERENV.dll
[1011/100628.216:ERROR:process_memory_win.cc(73)] ReadMemory at 0x7ffe4fc40000 of 64 bytes failed: Only part of a ReadProcessMemory or WriteProcessMemory request was completed. (0x12B)
[1011/100628.216:WARNING:pe_image_reader.cc(340)] could not read dos header from C:\WINDOWS\System32\profapi.dll
[1011/100628.216:ERROR:process_memory_win.cc(73)] ReadMemory at 0x7ffe3ff40000 of 64 bytes failed: Only part of a ReadProcessMemory or WriteProcessMemory request was completed. (0x12B)
[1011/100628.216:WARNING:pe_image_reader.cc(340)] could not read dos header from C:\WINDOWS\SYSTEM32\DWrite.dll
[1011/100628.216:ERROR:process_memory_win.cc(73)] ReadMemory at 0x7ffe3f8f0000 of 64 bytes failed: Only part of a ReadProcessMemory or WriteProcessMemory request was completed. (0x12B)
[1011/100628.216:WARNING:pe_image_reader.cc(340)] could not read dos header from C:\WINDOWS\SYSTEM32\WINSPOOL.DRV
[1011/100628.216:ERROR:process_memory_win.cc(73)] ReadMemory at 0x7ffe4fbd0000 of 64 bytes failed: Only part of a ReadProcessMemory or WriteProcessMemory request was completed. (0x12B)
[1011/100628.216:WARNING:pe_image_reader.cc(340)] could not read dos header from C:\WINDOWS\System32\kernel.appcore.dll
[1011/100628.217:ERROR:process_memory_win.cc(73)] ReadMemory at 0x7ffe50340000 of 64 bytes failed: Only part of a ReadProcessMemory or WriteProcessMemory request was completed. (0x12B)
[1011/100628.217:WARNING:pe_image_reader.cc(340)] could not read dos header from C:\WINDOWS\System32\bcrypt.dll
[1011/100628.217:ERROR:process_memory_win.cc(73)] ReadMemory at 0x7ffe4e450000 of 64 bytes failed: Only part of a ReadProcessMemory or WriteProcessMemory request was completed. (0x12B)
[1011/100628.217:WARNING:pe_image_reader.cc(340)] could not read dos header from C:\WINDOWS\SYSTEM32\dbghelp.dll
[1011/100628.217:ERROR:process_memory_win.cc(73)] ReadMemory at 0x7ffe4a080000 of 64 bytes failed: Only part of a ReadProcessMemory or WriteProcessMemory request was completed. (0x12B)
[1011/100628.217:WARNING:pe_image_reader.cc(340)] could not read dos header from C:\WINDOWS\SYSTEM32\WINHTTP.dll
[1011/100628.217:ERROR:process_memory_win.cc(73)] ReadMemory at 0x7ffe42580000 of 64 bytes failed: Only part of a ReadProcessMemory or WriteProcessMemory request was completed. (0x12B)
[1011/100628.217:WARNING:pe_image_reader.cc(340)] could not read dos header from C:\WINDOWS\SYSTEM32\dhcpcsvc.DLL
[1011/100628.218:ERROR:process_memory_win.cc(73)] ReadMemory at 0x7ffe52a30000 of 64 bytes failed: Only part of a ReadProcessMemory or WriteProcessMemory request was completed. (0x12B)
[1011/100628.218:WARNING:pe_image_reader.cc(340)] could not read dos header from C:\WINDOWS\System32\NSI.dll
[1011/100628.218:ERROR:process_memory_win.cc(73)] ReadMemory at 0x7ffe4d8d0000 of 64 bytes failed: Only part of a ReadProcessMemory or WriteProcessMemory request was completed. (0x12B)
[1011/100628.218:WARNING:pe_image_reader.cc(340)] could not read dos header from C:\WINDOWS\SYSTEM32\WINMMBASE.dll
[1011/100628.218:ERROR:process_memory_win.cc(73)] ReadMemory at 0x7ffe50520000 of 64 bytes failed: Only part of a ReadProcessMemory or WriteProcessMemory request was completed. (0x12B)
[1011/100628.218:WARNING:pe_image_reader.cc(340)] could not read dos header from C:\WINDOWS\System32\cfgmgr32.dll
[1011/100628.218:ERROR:process_memory_win.cc(73)] ReadMemory at 0x7ffe4d620000 of 64 bytes failed: Only part of a ReadProcessMemory or WriteProcessMemory request was completed. (0x12B)
[1011/100628.218:WARNING:pe_image_reader.cc(340)] could not read dos header from C:\WINDOWS\SYSTEM32\PROPSYS.dll
[1011/100628.219:ERROR:process_memory_win.cc(73)] ReadMemory at 0x7ffe51dd0000 of 64 bytes failed: Only part of a ReadProcessMemory or WriteProcessMemory request was completed. (0x12B)
[1011/100628.219:WARNING:pe_image_reader.cc(340)] could not read dos header from C:\WINDOWS\System32\shcore.dll
[1011/100628.219:ERROR:process_memory_win.cc(73)] ReadMemory at 0x7ffe4fa80000 of 64 bytes failed: Only part of a ReadProcessMemory or WriteProcessMemory request was completed. (0x12B)
[1011/100628.219:WARNING:pe_image_reader.cc(340)] could not read dos header from C:\WINDOWS\SYSTEM32\SSPICLI.DLL
[1011/100628.219:ERROR:process_memory_win.cc(73)] ReadMemory at 0x7ffe4f5c0000 of 64 bytes failed: Only part of a ReadProcessMemory or WriteProcessMemory request was completed. (0x12B)
[1011/100628.219:WARNING:pe_image_reader.cc(340)] could not read dos header from C:\WINDOWS\SYSTEM32\CRYPTBASE.DLL
[1011/100628.280:ERROR:process_memory_win.cc(73)] ReadMemory at 0x90ddbed000 of 77824 bytes failed: Only part of a ReadProcessMemory or WriteProcessMemory request was completed. (0x12B)
[1011/100628.280:ERROR:process_memory_win.cc(73)] ReadMemory at 0x90de3fd000 of 12288 bytes failed: Only part of a ReadProcessMemory or WriteProcessMemory request was completed. (0x12B)
[1011/100628.281:ERROR:process_memory_win.cc(73)] ReadMemory at 0x90df3fc000 of 16384 bytes failed: Only part of a ReadProcessMemory or WriteProcessMemory request was completed. (0x12B)
[1011/100628.281:ERROR:process_memory_win.cc(73)] ReadMemory at 0x90dfbfb000 of 20480 bytes failed: Only part of a ReadProcessMemory or WriteProcessMemory request was completed. (0x12B)
[1011/100628.281:ERROR:process_memory_win.cc(73)] ReadMemory at 0x90e03fe000 of 8192 bytes failed: Only part of a ReadProcessMemory or WriteProcessMemory request was completed. (0x12B)
[1011/100628.281:ERROR:process_memory_win.cc(73)] ReadMemory at 0x90e0bfd000 of 12288 bytes failed: Only part of a ReadProcessMemory or WriteProcessMemory request was completed. (0x12B)
[1011/100628.282:ERROR:process_memory_win.cc(73)] ReadMemory at 0x90e13fc000 of 16384 bytes failed: Only part of a ReadProcessMemory or WriteProcessMemory request was completed. (0x12B)
[1011/100628.282:ERROR:process_memory_win.cc(73)] ReadMemory at 0x90e1bfd000 of 12288 bytes failed: Only part of a ReadProcessMemory or WriteProcessMemory request was completed. (0x12B)
[1011/100628.282:ERROR:process_memory_win.cc(73)] ReadMemory at 0x90e23fb000 of 20480 bytes failed: Only part of a ReadProcessMemory or WriteProcessMemory request was completed. (0x12B)
[1011/100628.282:ERROR:process_memory_win.cc(73)] ReadMemory at 0x90e2bfc000 of 16384 bytes failed: Only part of a ReadProcessMemory or WriteProcessMemory request was completed. (0x12B)
[1011/100628.282:ERROR:process_memory_win.cc(73)] ReadMemory at 0x90e33fd000 of 12288 bytes failed: Only part of a ReadProcessMemory or WriteProcessMemory request was completed. (0x12B)
[1011/100628.283:ERROR:process_memory_win.cc(73)] ReadMemory at 0x90e43fd000 of 12288 bytes failed: Only part of a ReadProcessMemory or WriteProcessMemory request was completed. (0x12B)
[1011/100628.283:ERROR:process_memory_win.cc(73)] ReadMemory at 0x90debff000 of 4096 bytes failed: Only part of a ReadProcessMemory or WriteProcessMemory request was completed. (0x12B)
[1011/100628.283:ERROR:process_memory_win.cc(73)] ReadMemory at 0x90dd206000 of 6024 bytes failed: Only part of a ReadProcessMemory or WriteProcessMemory request was completed. (0x12B)
[1011/100628.283:ERROR:process_memory_win.cc(73)] ReadMemory at 0x90dd20a000 of 6024 bytes failed: Only part of a ReadProcessMemory or WriteProcessMemory request was completed. (0x12B)
[1011/100628.284:ERROR:process_memory_win.cc(73)] ReadMemory at 0x90dd210000 of 6024 bytes failed: Only part of a ReadProcessMemory or WriteProcessMemory request was completed. (0x12B)
[1011/100628.284:ERROR:process_memory_win.cc(73)] ReadMemory at 0x90dd3e9000 of 852 bytes failed: Only part of a ReadProcessMemory or WriteProcessMemory request was completed. (0x12B)
[1011/100628.284:ERROR:process_memory_win.cc(73)] ReadMemory at 0x90dd3ea000 of 6024 bytes failed: Only part of a ReadProcessMemory or WriteProcessMemory request was completed. (0x12B)
[1011/100628.284:ERROR:process_memory_win.cc(73)] ReadMemory at 0x90dd3ec000 of 6024 bytes failed: Only part of a ReadProcessMemory or WriteProcessMemory request was completed. (0x12B)
[1011/100628.284:ERROR:process_memory_win.cc(73)] ReadMemory at 0x90dd3f0000 of 6024 bytes failed: Only part of a ReadProcessMemory or WriteProcessMemory request was completed. (0x12B)
[1011/100628.285:ERROR:process_memory_win.cc(73)] ReadMemory at 0x90dd3f2000 of 6024 bytes failed: Only part of a ReadProcessMemory or WriteProcessMemory request was completed. (0x12B)
[1011/100628.285:ERROR:process_memory_win.cc(73)] ReadMemory at 0x90dd3f4000 of 6024 bytes failed: Only part of a ReadProcessMemory or WriteProcessMemory request was completed. (0x12B)
[1011/100628.285:ERROR:process_memory_win.cc(73)] ReadMemory at 0x90dd3f6000 of 6024 bytes failed: Only part of a ReadProcessMemory or WriteProcessMemory request was completed. (0x12B)
[1011/100628.285:ERROR:process_memory_win.cc(73)] ReadMemory at 0x90dd3f8000 of 6024 bytes failed: Only part of a ReadProcessMemory or WriteProcessMemory request was completed. (0x12B)
[1011/100628.286:ERROR:process_memory_win.cc(73)] ReadMemory at 0x90dd3fa000 of 6024 bytes failed: Only part of a ReadProcessMemory or WriteProcessMemory request was completed. (0x12B)
[1011/100628.286:ERROR:process_memory_win.cc(73)] ReadMemory at 0x90dd3fc000 of 6024 bytes failed: Only part of a ReadProcessMemory or WriteProcessMemory request was completed. (0x12B)
[1011/100628.286:ERROR:process_memory_win.cc(73)] ReadMemory at 0x90dd3fe000 of 6024 bytes failed: Only part of a ReadProcessMemory or WriteProcessMemory request was completed. (0x12B)
[1011/100628.286:ERROR:process_memory_win.cc(73)] ReadMemory at 0x1bb755902ac of 512 bytes failed: Only part of a ReadProcessMemory or WriteProcessMemory request was completed. (0x12B)
[1011/100628.286:ERROR:process_memory_win.cc(73)] ReadMemory at 0x1bb75590fe0 of 18010 bytes failed: Only part of a ReadProcessMemory or WriteProcessMemory request was completed. (0x12B)
[1011/100628.287:ERROR:process_memory_win.cc(73)] ReadMemory at 0x1bb75595650 of 1012 bytes failed: Only part of a ReadProcessMemory or WriteProcessMemory request was completed. (0x12B)
[1011/100628.287:ERROR:process_memory_win.cc(73)] ReadMemory at 0x1bb75595c98 of 118 bytes failed: Only part of a ReadProcessMemory or WriteProcessMemory request was completed. (0x12B)
[1011/100628.287:ERROR:process_memory_win.cc(73)] ReadMemory at 0x1bb75595d10 of 834 bytes failed: Only part of a ReadProcessMemory or WriteProcessMemory request was completed. (0x12B)
[1011/100628.287:ERROR:process_memory_win.cc(73)] ReadMemory at 0x1bb75596054 of 118 bytes failed: Only part of a ReadProcessMemory or WriteProcessMemory request was completed. (0x12B)
[1011/100628.287:ERROR:process_memory_win.cc(73)] ReadMemory at 0x1bb755960cc of 102 bytes failed: Only part of a ReadProcessMemory or WriteProcessMemory request was completed. (0x12B)
[1011/100628.288:ERROR:process_memory_win.cc(73)] ReadMemory at 0x1bb75596140 of 58 bytes failed: Only part of a ReadProcessMemory or WriteProcessMemory request was completed. (0x12B)
[1011/100628.288:ERROR:process_memory_win.cc(73)] ReadMemory at 0x1bb75596240 of 132 bytes failed: Only part of a ReadProcessMemory or WriteProcessMemory request was completed. (0x12B)
[1011/100628.288:ERROR:process_memory_win.cc(73)] ReadMemory at 0x1bb755963d0 of 132 bytes failed: Only part of a ReadProcessMemory or WriteProcessMemory request was completed. (0x12B)
[1011/100628.288:ERROR:process_memory_win.cc(73)] ReadMemory at 0x1bb75596590 of 126 bytes failed: Only part of a ReadProcessMemory or WriteProcessMemory request was completed. (0x12B)
[1011/100628.288:ERROR:process_memory_win.cc(73)] ReadMemory at 0x1bb75596970 of 132 bytes failed: Only part of a ReadProcessMemory or WriteProcessMemory request was completed. (0x12B)
[1011/100628.289:ERROR:process_memory_win.cc(73)] ReadMemory at 0x1bb75596b00 of 64 bytes failed: Only part of a ReadProcessMemory or WriteProcessMemory request was completed. (0x12B)
[1011/100628.289:ERROR:process_memory_win.cc(73)] ReadMemory at 0x1bb75596cc0 of 132 bytes failed: Only part of a ReadProcessMemory or WriteProcessMemory request was completed. (0x12B)
[1011/100628.289:ERROR:process_memory_win.cc(73)] ReadMemory at 0x1bb75596f60 of 132 bytes failed: Only part of a ReadProcessMemory or WriteProcessMemory request was completed. (0x12B)
[1011/100628.289:ERROR:process_memory_win.cc(73)] ReadMemory at 0x1bb755970f0 of 68 bytes failed: Only part of a ReadProcessMemory or WriteProcessMemory request was completed. (0x12B)
[1011/100628.289:ERROR:process_memory_win.cc(73)] ReadMemory at 0x1bb755981e0 of 132 bytes failed: Only part of a ReadProcessMemory or WriteProcessMemory request was completed. (0x12B)
[1011/100628.289:ERROR:process_memory_win.cc(73)] ReadMemory at 0x1bb75598370 of 154 bytes failed: Only part of a ReadProcessMemory or WriteProcessMemory request was completed. (0x12B)
[1011/100628.290:ERROR:process_memory_win.cc(73)] ReadMemory at 0x1bb755990b0 of 132 bytes failed: Only part of a ReadProcessMemory or WriteProcessMemory request was completed. (0x12B)
[1011/100628.290:ERROR:process_memory_win.cc(73)] ReadMemory at 0x1bb75599db0 of 62 bytes failed: Only part of a ReadProcessMemory or WriteProcessMemory request was completed. (0x12B)
[1011/100628.290:ERROR:process_memory_win.cc(73)] ReadMemory at 0x1bb75599f70 of 60 bytes failed: Only part of a ReadProcessMemory or WriteProcessMemory request was completed. (0x12B)
[1011/100628.290:ERROR:process_memory_win.cc(73)] ReadMemory at 0x1bb755a6e00 of 512 bytes failed: Only part of a ReadProcessMemory or WriteProcessMemory request was completed. (0x12B)
[1011/100628.290:ERROR:process_memory_win.cc(73)] ReadMemory at 0x1bb755a7fa0 of 60 bytes failed: Only part of a ReadProcessMemory or WriteProcessMemory request was completed. (0x12B)
[1011/100628.290:ERROR:process_memory_win.cc(73)] ReadMemory at 0x1bb755a80e0 of 62 bytes failed: Only part of a ReadProcessMemory or WriteProcessMemory request was completed. (0x12B)
[1011/100628.291:ERROR:process_memory_win.cc(73)] ReadMemory at 0x1bb755a81d0 of 66 bytes failed: Only part of a ReadProcessMemory or WriteProcessMemory request was completed. (0x12B)
[1011/100628.291:ERROR:process_memory_win.cc(73)] ReadMemory at 0x1bb755a8270 of 64 bytes failed: Only part of a ReadProcessMemory or WriteProcessMemory request was completed. (0x12B)
[1011/100628.291:ERROR:process_memory_win.cc(73)] ReadMemory at 0x1bb755a82c0 of 62 bytes failed: Only part of a ReadProcessMemory or WriteProcessMemory request was completed. (0x12B)
[1011/100628.291:ERROR:process_memory_win.cc(73)] ReadMemory at 0x1bb755a84f0 of 64 bytes failed: Only part of a ReadProcessMemory or WriteProcessMemory request was completed. (0x12B)
[1011/100628.291:ERROR:process_memory_win.cc(73)] ReadMemory at 0x1bb755a8540 of 64 bytes failed: Only part of a ReadProcessMemory or WriteProcessMemory request was completed. (0x12B)
[1011/100628.291:ERROR:process_memory_win.cc(73)] ReadMemory at 0x1bb755a8770 of 62 bytes failed: Only part of a ReadProcessMemory or WriteProcessMemory request was completed. (0x12B)
[1011/100628.292:ERROR:process_memory_win.cc(73)] ReadMemory at 0x1bb755a8950 of 64 bytes failed: Only part of a ReadProcessMemory or WriteProcessMemory request was completed. (0x12B)
[1011/100628.292:ERROR:process_memory_win.cc(73)] ReadMemory at 0x1bb755a8a40 of 62 bytes failed: Only part of a ReadProcessMemory or WriteProcessMemory request was completed. (0x12B)
[1011/100628.292:ERROR:process_memory_win.cc(73)] ReadMemory at 0x1bb755a8b30 of 60 bytes failed: Only part of a ReadProcessMemory or WriteProcessMemory request was completed. (0x12B)
[1011/100628.292:ERROR:process_memory_win.cc(73)] ReadMemory at 0x1bb755a8bd0 of 58 bytes failed: Only part of a ReadProcessMemory or WriteProcessMemory request was completed. (0x12B)
[1011/100628.292:ERROR:process_memory_win.cc(73)] ReadMemory at 0x1bb755a8c20 of 64 bytes failed: Only part of a ReadProcessMemory or WriteProcessMemory request was completed. (0x12B)
[1011/100628.292:ERROR:process_memory_win.cc(73)] ReadMemory at 0x1bb755a8ef0 of 60 bytes failed: Only part of a ReadProcessMemory or WriteProcessMemory request was completed. (0x12B)
[1011/100628.293:ERROR:process_memory_win.cc(73)] ReadMemory at 0x1bb755a9bc0 of 54 bytes failed: Only part of a ReadProcessMemory or WriteProcessMemory request was completed. (0x12B)
[1011/100628.293:ERROR:process_memory_win.cc(73)] ReadMemory at 0x1bb755aa840 of 80 bytes failed: Only part of a ReadProcessMemory or WriteProcessMemory request was completed. (0x12B)
[1011/100628.293:ERROR:process_memory_win.cc(73)] ReadMemory at 0x1bb755adbb0 of 132 bytes failed: Only part of a ReadProcessMemory or WriteProcessMemory request was completed. (0x12B)
[1011/100628.293:ERROR:process_memory_win.cc(73)] ReadMemory at 0x1bb755ae1c0 of 132 bytes failed: Only part of a ReadProcessMemory or WriteProcessMemory request was completed. (0x12B)
[1011/100628.293:ERROR:process_memory_win.cc(73)] ReadMemory at 0x1bb755ae340 of 132 bytes failed: Only part of a ReadProcessMemory or WriteProcessMemory request was completed. (0x12B)
[1011/100628.293:ERROR:process_memory_win.cc(73)] ReadMemory at 0x1bb755ae470 of 132 bytes failed: Only part of a ReadProcessMemory or WriteProcessMemory request was completed. (0x12B)
[1011/100628.294:ERROR:process_memory_win.cc(73)] ReadMemory at 0x1bb755ae5a0 of 132 bytes failed: Only part of a ReadProcessMemory or WriteProcessMemory request was completed. (0x12B)
[1011/100628.294:ERROR:process_memory_win.cc(73)] ReadMemory at 0x1bb755ae6d0 of 132 bytes failed: Only part of a ReadProcessMemory or WriteProcessMemory request was completed. (0x12B)
[1011/100628.294:ERROR:process_memory_win.cc(73)] ReadMemory at 0x1bb755ae800 of 132 bytes failed: Only part of a ReadProcessMemory or WriteProcessMemory request was completed. (0x12B)
[1011/100628.294:ERROR:process_memory_win.cc(73)] ReadMemory at 0x1bb755ae930 of 132 bytes failed: Only part of a ReadProcessMemory or WriteProcessMemory request was completed. (0x12B)
[1011/100628.294:ERROR:process_memory_win.cc(73)] ReadMemory at 0x1bb755aea60 of 132 bytes failed: Only part of a ReadProcessMemory or WriteProcessMemory request was completed. (0x12B)
[1011/100628.295:ERROR:process_memory_win.cc(73)] ReadMemory at 0x1bb755aeb90 of 132 bytes failed: Only part of a ReadProcessMemory or WriteProcessMemory request was completed. (0x12B)
[1011/100628.295:ERROR:process_memory_win.cc(73)] ReadMemory at 0x1bb755aecc0 of 132 bytes failed: Only part of a ReadProcessMemory or WriteProcessMemory request was completed. (0x12B)
[1011/100628.295:ERROR:process_memory_win.cc(73)] ReadMemory at 0x1bb755aedf0 of 132 bytes failed: Only part of a ReadProcessMemory or WriteProcessMemory request was completed. (0x12B)
[1011/100628.295:ERROR:process_memory_win.cc(73)] ReadMemory at 0x1bb755aef20 of 132 bytes failed: Only part of a ReadProcessMemory or WriteProcessMemory request was completed. (0x12B)
[1011/100628.295:ERROR:process_memory_win.cc(73)] ReadMemory at 0x1bb755af050 of 132 bytes failed: Only part of a ReadProcessMemory or WriteProcessMemory request was completed. (0x12B)
[1011/100628.295:ERROR:process_memory_win.cc(73)] ReadMemory at 0x1bb755b2dc0 of 132 bytes failed: Only part of a ReadProcessMemory or WriteProcessMemory request was completed. (0x12B)
[1011/100628.296:ERROR:process_memory_win.cc(73)] ReadMemory at 0x1bb755b5740 of 132 bytes failed: Only part of a ReadProcessMemory or WriteProcessMemory request was completed. (0x12B)
[1011/100628.296:ERROR:process_memory_win.cc(73)] ReadMemory at 0x1bb755b5960 of 132 bytes failed: Only part of a ReadProcessMemory or WriteProcessMemory request was completed. (0x12B)
[1011/100628.296:ERROR:process_memory_win.cc(73)] ReadMemory at 0x1bb755b5ea0 of 132 bytes failed: Only part of a ReadProcessMemory or WriteProcessMemory request was completed. (0x12B)
[1011/100628.296:ERROR:process_memory_win.cc(73)] ReadMemory at 0x1bb755b7370 of 146 bytes failed: Only part of a ReadProcessMemory or WriteProcessMemory request was completed. (0x12B)
[1011/100628.297:ERROR:process_memory_win.cc(73)] ReadMemory at 0x1bb755b7450 of 132 bytes failed: Only part of a ReadProcessMemory or WriteProcessMemory request was completed. (0x12B)
[1011/100628.297:ERROR:process_memory_win.cc(73)] ReadMemory at 0x1bb755b8660 of 132 bytes failed: Only part of a ReadProcessMemory or WriteProcessMemory request was completed. (0x12B)
[1011/100628.297:ERROR:process_memory_win.cc(73)] ReadMemory at 0x1bb755b9960 of 76 bytes failed: Only part of a ReadProcessMemory or WriteProcessMemory request was completed. (0x12B)
[1011/100628.297:ERROR:process_memory_win.cc(73)] ReadMemory at 0x1bb755b9ea0 of 80 bytes failed: Only part of a ReadProcessMemory or WriteProcessMemory request was completed. (0x12B)
[1011/100628.297:ERROR:process_memory_win.cc(73)] ReadMemory at 0x1bb755ba610 of 132 bytes failed: Only part of a ReadProcessMemory or WriteProcessMemory request was completed. (0x12B)
[1011/100628.297:ERROR:process_memory_win.cc(73)] ReadMemory at 0x1bb755bc990 of 132 bytes failed: Only part of a ReadProcessMemory or WriteProcessMemory request was completed. (0x12B)
[1011/100628.298:ERROR:process_memory_win.cc(73)] ReadMemory at 0x1bb755bd020 of 132 bytes failed: Only part of a ReadProcessMemory or WriteProcessMemory request was completed. (0x12B)
[1011/100628.298:ERROR:process_memory_win.cc(73)] ReadMemory at 0x1bb755bd9a0 of 132 bytes failed: Only part of a ReadProcessMemory or WriteProcessMemory request was completed. (0x12B)
[1011/100628.298:ERROR:process_memory_win.cc(73)] ReadMemory at 0x1bb755bdc00 of 132 bytes failed: Only part of a ReadProcessMemory or WriteProcessMemory request was completed. (0x12B)
[1011/100628.298:ERROR:process_memory_win.cc(73)] ReadMemory at 0x1bb755be1f0 of 132 bytes failed: Only part of a ReadProcessMemory or WriteProcessMemory request was completed. (0x12B)
[1011/100628.298:ERROR:process_memory_win.cc(73)] ReadMemory at 0x1bb755be320 of 132 bytes failed: Only part of a ReadProcessMemory or WriteProcessMemory request was completed. (0x12B)
[1011/100628.298:ERROR:process_memory_win.cc(73)] ReadMemory at 0x1bb755be580 of 132 bytes failed: Only part of a ReadProcessMemory or WriteProcessMemory request was completed. (0x12B)
[1011/100628.299:ERROR:process_memory_win.cc(73)] ReadMemory at 0x1bb755be6b0 of 132 bytes failed: Only part of a ReadProcessMemory or WriteProcessMemory request was completed. (0x12B)
[1011/100628.299:ERROR:process_memory_win.cc(73)] ReadMemory at 0x1bb755be910 of 132 bytes failed: Only part of a ReadProcessMemory or WriteProcessMemory request was completed. (0x12B)
[1011/100628.299:ERROR:process_memory_win.cc(73)] ReadMemory at 0x1bb755bea40 of 132 bytes failed: Only part of a ReadProcessMemory or WriteProcessMemory request was completed. (0x12B)
[1011/100628.299:ERROR:process_memory_win.cc(73)] ReadMemory at 0x1bb755beca0 of 132 bytes failed: Only part of a ReadProcessMemory or WriteProcessMemory request was completed. (0x12B)
[1011/100628.299:ERROR:process_memory_win.cc(73)] ReadMemory at 0x1bb755bf080 of 60 bytes failed: Only part of a ReadProcessMemory or WriteProcessMemory request was completed. (0x12B)
[1011/100628.299:ERROR:process_memory_win.cc(73)] ReadMemory at 0x1bb755bf0d0 of 62 bytes failed: Only part of a ReadProcessMemory or WriteProcessMemory request was completed. (0x12B)
[1011/100628.300:ERROR:process_memory_win.cc(73)] ReadMemory at 0x1bb755bf120 of 66 bytes failed: Only part of a ReadProcessMemory or WriteProcessMemory request was completed. (0x12B)
[1011/100628.300:ERROR:process_memory_win.cc(73)] ReadMemory at 0x1bb755bf300 of 60 bytes failed: Only part of a ReadProcessMemory or WriteProcessMemory request was completed. (0x12B)
[1011/100628.300:ERROR:process_memory_win.cc(73)] ReadMemory at 0x1bb755bf3a0 of 64 bytes failed: Only part of a ReadProcessMemory or WriteProcessMemory request was completed. (0x12B)
[1011/100628.300:ERROR:process_memory_win.cc(73)] ReadMemory at 0x1bb755bf620 of 62 bytes failed: Only part of a ReadProcessMemory or WriteProcessMemory request was completed. (0x12B)
[1011/100628.300:ERROR:process_memory_win.cc(73)] ReadMemory at 0x1bb755bf710 of 60 bytes failed: Only part of a ReadProcessMemory or WriteProcessMemory request was completed. (0x12B)
[1011/100628.300:ERROR:process_memory_win.cc(73)] ReadMemory at 0x1bb755bf7b0 of 62 bytes failed: Only part of a ReadProcessMemory or WriteProcessMemory request was completed. (0x12B)
[1011/100628.301:ERROR:process_memory_win.cc(73)] ReadMemory at 0x1bb755bf8a0 of 62 bytes failed: Only part of a ReadProcessMemory or WriteProcessMemory request was completed. (0x12B)
[1011/100628.301:ERROR:process_memory_win.cc(73)] ReadMemory at 0x1bb755bfad0 of 62 bytes failed: Only part of a ReadProcessMemory or WriteProcessMemory request was completed. (0x12B)
[1011/100628.301:ERROR:process_memory_win.cc(73)] ReadMemory at 0x1bb755bfcb0 of 64 bytes failed: Only part of a ReadProcessMemory or WriteProcessMemory request was completed. (0x12B)
[1011/100628.301:ERROR:process_memory_win.cc(73)] ReadMemory at 0x1bb755bfd50 of 62 bytes failed: Only part of a ReadProcessMemory or WriteProcessMemory request was completed. (0x12B)
[1011/100628.301:ERROR:process_memory_win.cc(73)] ReadMemory at 0x1bb755bfda0 of 64 bytes failed: Only part of a ReadProcessMemory or WriteProcessMemory request was completed. (0x12B)
[1011/100628.301:ERROR:process_memory_win.cc(73)] ReadMemory at 0x1bb755d1200 of 512 bytes failed: Only part of a ReadProcessMemory or WriteProcessMemory request was completed. (0x12B)
[1011/100628.302:ERROR:process_memory_win.cc(73)] ReadMemory at 0x1bb755d3450 of 512 bytes failed: Only part of a ReadProcessMemory or WriteProcessMemory request was completed. (0x12B)
[1011/100628.302:ERROR:process_memory_win.cc(73)] ReadMemory at 0x1bb75623608 of 536 bytes failed: Only part of a ReadProcessMemory or WriteProcessMemory request was completed. (0x12B)
[1011/100628.302:ERROR:process_memory_win.cc(73)] ReadMemory at 0x1bb75626ef0 of 512 bytes failed: Only part of a ReadProcessMemory or WriteProcessMemory request was completed. (0x12B)
[1011/100628.302:ERROR:process_memory_win.cc(73)] ReadMemory at 0x1bb7562db70 of 512 bytes failed: Only part of a ReadProcessMemory or WriteProcessMemory request was completed. (0x12B)
[1011/100628.303:ERROR:process_memory_win.cc(73)] ReadMemory at 0x1bb75637e40 of 512 bytes failed: Only part of a ReadProcessMemory or WriteProcessMemory request was completed. (0x12B)
[1011/100628.303:ERROR:process_memory_win.cc(73)] ReadMemory at 0x1bb7563a250 of 512 bytes failed: Only part of a ReadProcessMemory or WriteProcessMemory request was completed. (0x12B)
[1011/100628.303:ERROR:process_memory_win.cc(73)] ReadMemory at 0x1bb75653540 of 712 bytes failed: Only part of a ReadProcessMemory or WriteProcessMemory request was completed. (0x12B)
[1011/100628.303:ERROR:process_memory_win.cc(73)] ReadMemory at 0x1bb75678570 of 512 bytes failed: Only part of a ReadProcessMemory or WriteProcessMemory request was completed. (0x12B)
[1011/100628.303:ERROR:process_memory_win.cc(73)] ReadMemory at 0x1bb75680860 of 512 bytes failed: Only part of a ReadProcessMemory or WriteProcessMemory request was completed. (0x12B)
[1011/100628.304:ERROR:process_memory_win.cc(73)] ReadMemory at 0x1bb75681a24 of 686 bytes failed: Only part of a ReadProcessMemory or WriteProcessMemory request was completed. (0x12B)
[1011/100628.304:ERROR:process_memory_win.cc(73)] ReadMemory at 0x1bb76f20000 of 384 bytes failed: Only part of a ReadProcessMemory or WriteProcessMemory request was completed. (0x12B)
[1011/100628.304:ERROR:process_memory_win.cc(73)] ReadMemory at 0x1bb79b10e50 of 512 bytes failed: Only part of a ReadProcessMemory or WriteProcessMemory request was completed. (0x12B)
[1011/100628.304:ERROR:process_memory_win.cc(73)] ReadMemory at 0x1bb79bcf750 of 512 bytes failed: Only part of a ReadProcessMemory or WriteProcessMemory request was completed. (0x12B)
[1011/100628.304:ERROR:process_memory_win.cc(73)] ReadMemory at 0xed621d93820 of 512 bytes failed: Only part of a ReadProcessMemory or WriteProcessMemory request was completed. (0x12B)
[1011/100628.304:ERROR:process_memory_win.cc(73)] ReadMemory at 0x355531d9bc60 of 512 bytes failed: Only part of a ReadProcessMemory or WriteProcessMemory request was completed. (0x12B)
[1011/100628.305:ERROR:process_memory_win.cc(73)] ReadMemory at 0x355531e2a810 of 512 bytes failed: Only part of a ReadProcessMemory or WriteProcessMemory request was completed. (0x12B)
[1011/100628.305:ERROR:process_memory_win.cc(73)] ReadMemory at 0x7ffe0ed5e110 of 512 bytes failed: Only part of a ReadProcessMemory or WriteProcessMemory request was completed. (0x12B)
[1011/100628.305:ERROR:process_memory_win.cc(73)] ReadMemory at 0x7ffe10ad8ce0 of 512 bytes failed: Only part of a ReadProcessMemory or WriteProcessMemory request was completed. (0x12B)
[1011/100628.305:ERROR:process_memory_win.cc(73)] ReadMemory at 0x7ffe1333936f of 512 bytes failed: Only part of a ReadProcessMemory or WriteProcessMemory request was completed. (0x12B)
[1011/100628.305:ERROR:process_memory_win.cc(73)] ReadMemory at 0x7ffe16017160 of 512 bytes failed: Only part of a ReadProcessMemory or WriteProcessMemory request was completed. (0x12B)
[1011/100628.306:ERROR:process_memory_win.cc(73)] ReadMemory at 0x7ffe27e35160 of 512 bytes failed: Only part of a ReadProcessMemory or WriteProcessMemory request was completed. (0x12B)
[1011/100628.306:ERROR:process_memory_win.cc(73)] ReadMemory at 0x7ffe27e35867 of 512 bytes failed: Only part of a ReadProcessMemory or WriteProcessMemory request was completed. (0x12B)
[1011/100628.306:ERROR:process_memory_win.cc(73)] ReadMemory at 0x7ffe51471f80 of 512 bytes failed: Only part of a ReadProcessMemory or WriteProcessMemory request was completed. (0x12B)
[1011/100628.306:ERROR:process_memory_win.cc(73)] ReadMemory at 0x7ffe52d7c074 of 672 bytes failed: Only part of a ReadProcessMemory or WriteProcessMemory request was completed. (0x12B)
[1011/100628.306:ERROR:process_memory_win.cc(73)] ReadMemory at 0x7ffe52d7f924 of 608 bytes failed: Only part of a ReadProcessMemory or WriteProcessMemory request was completed. (0x12B)
[1011/100628.306:ERROR:process_memory_win.cc(73)] ReadMemory at 0x7ffe52e010f0 of 512 bytes failed: Only part of a ReadProcessMemory or WriteProcessMemory request was completed. (0x12B)
[1011/100628.307:ERROR:process_memory_win.cc(73)] ReadMemory at 0x7ffe52e0c428 of 18 bytes failed: Only part of a ReadProcessMemory or WriteProcessMemory request was completed. (0x12B)
[1011/100628.307:ERROR:process_memory_win.cc(73)] ReadMemory at 0x7ffe52e3f4f8 of 40 bytes failed: Only part of a ReadProcessMemory or WriteProcessMemory request was completed. (0x12B)
[1011/100628.307:ERROR:process_memory_win.cc(73)] ReadMemory at 0x7ffe52e3f978 of 48 bytes failed: Only part of a ReadProcessMemory or WriteProcessMemory request was completed. (0x12B)
[1011/100628.307:ERROR:process_memory_win.cc(73)] ReadMemory at 0x7ffe52e453c0 of 64 bytes failed: Only part of a ReadProcessMemory or WriteProcessMemory request was completed. (0x12B)
[1011/100628.780:ERROR:scoped_process_suspend.cc(40)] NtResumeProcess: An attempt was made to access an exiting process. (0xc000010a)
[1024/062839.158:ERROR:directory_reader_win.cc(43)] FindFirstFile: The system cannot find the path specified. (0x3)
[1026/085623.779:ERROR:directory_reader_win.cc(43)] FindFirstFile: The system cannot find the path specified. (0x3)
[1027/084643.978:ERROR:directory_reader_win.cc(43)] FindFirstFile: The system cannot find the path specified. (0x3)
[1101/093956.722:ERROR:directory_reader_win.cc(43)] FindFirstFile: The system cannot find the path specified. (0x3)
[1110/071430.124:ERROR:directory_reader_win.cc(43)] FindFirstFile: The system cannot find the path specified. (0x3)
[1111/085912.775:ERROR:directory_reader_win.cc(43)] FindFirstFile: The system cannot find the path specified. (0x3)
[1113/072831.941:ERROR:directory_reader_win.cc(43)] FindFirstFile: The system cannot find the path specified. (0x3)
[1125/154213.990:ERROR:directory_reader_win.cc(43)] FindFirstFile: The system cannot find the path specified. (0x3)
[0125/004257.795:ERROR:settings.cc(320)] Settings magic is not 1129342067
[0125/005258.102:ERROR:directory_reader_win.cc(43)] FindFirstFile: The system cannot find the path specified. (0x3)
[0125/025018.419:ERROR:directory_reader_win.cc(43)] FindFirstFile: The system cannot find the path specified. (0x3)
